<?xml version="1.0" encoding="UTF-8"?>
<testng-results ignored="0" total="2" passed="2" failed="0" skipped="0">
  <reporter-output>
  </reporter-output>
  <suite started-at="2026-03-21T12:07:27 IST" name="SampleAutomationSuite" finished-at="2026-03-21T12:07:46 IST" duration-ms="19069">
    <groups>
    </groups>
    <test started-at="2026-03-21T12:07:27 IST" name="LoginTests" finished-at="2026-03-21T12:07:46 IST" duration-ms="19069">
      <class name="tests.LoginTest">
        <test-method is-config="true" signature="setUp(java.lang.reflect.Method)[pri:0, instance:tests.LoginTest@41fbdac4]" started-at="2026-03-21T12:07:27 IST" name="setUp" finished-at="2026-03-21T12:07:31 IST" duration-ms="3469" status="PASS">
          <params>
            <param index="0">
              <value>
                <![CDATA[public void tests.LoginTest.invalidLoginTest()]]>
              </value>
            </param>
          </params>
          <reporter-output>
          </reporter-output>
        </test-method> <!-- setUp -->
        <test-method signature="invalidLoginTest()[pri:0, instance:tests.LoginTest@41fbdac4]" started-at="2026-03-21T12:07:31 IST" name="invalidLoginTest" description="Invalid login shows error message" finished-at="2026-03-21T12:07:38 IST" duration-ms="6723" status="PASS">
          <reporter-output>
          </reporter-output>
        </test-method> <!-- invalidLoginTest -->
        <test-method is-config="true" signature="tearDown(org.testng.ITestResult)[pri:0, instance:tests.LoginTest@41fbdac4]" started-at="2026-03-21T12:07:38 IST" name="tearDown" finished-at="2026-03-21T12:07:38 IST" duration-ms="715" status="PASS">
          <params>
            <param index="0">
              <value>
                <![CDATA[[TestResult name=invalidLoginTest status=SUCCESS method=LoginTest.invalidLoginTest()[pri:0, instance:tests.LoginTest@41fbdac4] output={null}]]]>
              </value>
            </param>
          </params>
          <reporter-output>
          </reporter-output>
        </test-method> <!-- tearDown -->
        <test-method is-config="true" signature="setUp(java.lang.reflect.Method)[pri:0, instance:tests.LoginTest@41fbdac4]" started-at="2026-03-21T12:07:38 IST" name="setUp" finished-at="2026-03-21T12:07:39 IST" duration-ms="1193" status="PASS">
          <params>
            <param index="0">
              <value>
                <![CDATA[public void tests.LoginTest.validLoginTest()]]>
              </value>
            </param>
          </params>
          <reporter-output>
          </reporter-output>
        </test-method> <!-- setUp -->
        <test-method signature="validLoginTest()[pri:0, instance:tests.LoginTest@41fbdac4]" started-at="2026-03-21T12:07:39 IST" name="validLoginTest" description="Valid login should navigate to dashboard" finished-at="2026-03-21T12:07:46 IST" duration-ms="6656" status="PASS">
          <reporter-output>
          </reporter-output>
        </test-method> <!-- validLoginTest -->
        <test-method is-config="true" signature="tearDown(org.testng.ITestResult)[pri:0, instance:tests.LoginTest@41fbdac4]" started-at="2026-03-21T12:07:46 IST" name="tearDown" finished-at="2026-03-21T12:07:46 IST" duration-ms="274" status="PASS">
          <params>
            <param index="0">
              <value>
                <![CDATA[[TestResult name=validLoginTest status=SUCCESS method=LoginTest.validLoginTest()[pri:0, instance:tests.LoginTest@41fbdac4] output={null}]]]>
              </value>
            </param>
          </params>
          <reporter-output>
          </reporter-output>
        </test-method> <!-- tearDown -->
      </class> <!-- tests.LoginTest -->
    </test> <!-- LoginTests -->
  </suite> <!-- SampleAutomationSuite -->
</testng-results>
